# JRE version: OpenJDK Runtime Environment (8.0_152) (build 1.8.0_152-release-1343-b16-5323222)
# Java VM: OpenJDK 64-Bit Server VM (25.152-b16-5323222 mixed mode linux-amd64 compressed oops)
Heap:
 PSYoungGen      total 366080K, used 13644K [0x00000000e0000000, 0x00000000f8400000, 0x0000000100000000)
  eden space 338432K, 0% used [0x00000000e0000000,0x00000000e0000000,0x00000000f4a80000)
  from space 27648K, 49% used [0x00000000f4a80000,0x00000000f57d3300,0x00000000f6580000)
  to   space 20992K, 0% used [0x00000000f6580000,0x00000000f6580000,0x00000000f7a00000)
 ParOldGen       total 87552K, used 57791K [0x00000000a0000000, 0x00000000a5580000, 0x00000000e0000000)
  object space 87552K, 66% used [0x00000000a0000000,0x00000000a386fd80,0x00000000a5580000)
 Metaspace       used 87399K, capacity 90768K, committed 91800K, reserved 1128448K
  class space    used 11260K, capacity 11923K, committed 12192K, reserved 1048576K
GC Heap History (10 events):
Event: 55,428 GC heap after
Heap after GC invocations=18 (full 3):
 PSYoungGen      total 185344K, used 0K [0x00000000e0000000, 0x00000000f1e80000, 0x0000000100000000)
  eden space 167424K, 0% used [0x00000000e0000000,0x00000000e0000000,0x00000000ea380000)
  from space 17920K, 0% used [0x00000000ea380000,0x00000000ea380000,0x00000000eb500000)
  to   space 17920K, 0% used [0x00000000f0d00000,0x00000000f0d00000,0x00000000f1e80000)
 ParOldGen       total 53760K, used 26108K [0x00000000a0000000, 0x00000000a3480000, 0x00000000e0000000)
  object space 53760K, 48% used [0x00000000a0000000,0x00000000a197f330,0x00000000a3480000)
 Metaspace       used 57544K, capacity 59098K, committed 59160K, reserved 1099776K
  class space    used 7807K, capacity 8178K, committed 8224K, reserved 1048576K
}
Event: 80,443 GC heap before
{Heap before GC invocations=19 (full 3):
 PSYoungGen      total 185344K, used 167424K [0x00000000e0000000, 0x00000000f1e80000, 0x0000000100000000)
  eden space 167424K, 100% used [0x00000000e0000000,0x00000000ea380000,0x00000000ea380000)
  from space 17920K, 0% used [0x00000000ea380000,0x00000000ea380000,0x00000000eb500000)
  to   space 17920K, 0% used [0x00000000f0d00000,0x00000000f0d00000,0x00000000f1e80000)
 ParOldGen       total 53760K, used 26108K [0x00000000a0000000, 0x00000000a3480000, 0x00000000e0000000)
  object space 53760K, 48% used [0x00000000a0000000,0x00000000a197f330,0x00000000a3480000)
 Metaspace       used 62413K, capacity 64518K, committed 64792K, reserved 1105920K
  class space    used 8462K, capacity 8912K, committed 8992K, reserved 1048576K
Event: 81,022 GC heap after
Heap after GC invocations=19 (full 3):
 PSYoungGen      total 273408K, used 13166K [0x00000000e0000000, 0x00000000f1f80000, 0x0000000100000000)
  eden space 255488K, 0% used [0x00000000e0000000,0x00000000e0000000,0x00000000ef980000)
  from space 17920K, 73% used [0x00000000f0d00000,0x00000000f19dbb98,0x00000000f1e80000)
  to   space 19456K, 0% used [0x00000000ef980000,0x00000000ef980000,0x00000000f0c80000)
 ParOldGen       total 53760K, used 26116K [0x00000000a0000000, 0x00000000a3480000, 0x00000000e0000000)
  object space 53760K, 48% used [0x00000000a0000000,0x00000000a1981330,0x00000000a3480000)
 Metaspace       used 62413K, capacity 64518K, committed 64792K, reserved 1105920K
  class space    used 8462K, capacity 8912K, committed 8992K, reserved 1048576K
}
Event: 113,069 GC heap before
{Heap before GC invocations=20 (full 3):
 PSYoungGen      total 273408K, used 268654K [0x00000000e0000000, 0x00000000f1f80000, 0x0000000100000000)
  eden space 255488K, 100% used [0x00000000e0000000,0x00000000ef980000,0x00000000ef980000)
  from space 17920K, 73% used [0x00000000f0d00000,0x00000000f19dbb98,0x00000000f1e80000)
  to   space 19456K, 0% used [0x00000000ef980000,0x00000000ef980000,0x00000000f0c80000)
 ParOldGen       total 53760K, used 26116K [0x00000000a0000000, 0x00000000a3480000, 0x00000000e0000000)
  object space 53760K, 48% used [0x00000000a0000000,0x00000000a1981330,0x00000000a3480000)
 Metaspace       used 74966K, capacity 78476K, committed 78744K, reserved 1118208K
  class space    used 10137K, capacity 10799K, committed 10912K, reserved 1048576K
Event: 118,162 GC heap after
Heap after GC invocations=20 (full 3):
 PSYoungGen      total 274944K, used 14274K [0x00000000e0000000, 0x00000000f7a00000, 0x0000000100000000)
  eden space 255488K, 0% used [0x00000000e0000000,0x00000000e0000000,0x00000000ef980000)
  from space 19456K, 73% used [0x00000000ef980000,0x00000000f0770ab8,0x00000000f0c80000)
  to   space 20992K, 0% used [0x00000000f6580000,0x00000000f6580000,0x00000000f7a00000)
 ParOldGen       total 53760K, used 35854K [0x00000000a0000000, 0x00000000a3480000, 0x00000000e0000000)
  object space 53760K, 66% used [0x00000000a0000000,0x00000000a2303a48,0x00000000a3480000)
 Metaspace       used 74966K, capacity 78476K, committed 78744K, reserved 1118208K
  class space    used 10137K, capacity 10799K, committed 10912K, reserved 1048576K
}
Event: 568,633 GC heap before
{Heap before GC invocations=21 (full 3):
 PSYoungGen      total 274944K, used 269762K [0x00000000e0000000, 0x00000000f7a00000, 0x0000000100000000)
  eden space 255488K, 100% used [0x00000000e0000000,0x00000000ef980000,0x00000000ef980000)
  from space 19456K, 73% used [0x00000000ef980000,0x00000000f0770ab8,0x00000000f0c80000)
  to   space 20992K, 0% used [0x00000000f6580000,0x00000000f6580000,0x00000000f7a00000)
 ParOldGen       total 53760K, used 35854K [0x00000000a0000000, 0x00000000a3480000, 0x00000000e0000000)
  object space 53760K, 66% used [0x00000000a0000000,0x00000000a2303a48,0x00000000a3480000)
 Metaspace       used 85681K, capacity 89522K, committed 89624K, reserved 1126400K
  class space    used 11268K, capacity 12028K, committed 12064K, reserved 1048576K
Event: 575,558 GC heap after
Heap after GC invocations=21 (full 3):
 PSYoungGen      total 359424K, used 20978K [0x00000000e0000000, 0x00000000f8400000, 0x0000000100000000)
  eden space 338432K, 0% used [0x00000000e0000000,0x00000000e0000000,0x00000000f4a80000)
  from space 20992K, 99% used [0x00000000f6580000,0x00000000f79fc828,0x00000000f7a00000)
  to   space 27648K, 0% used [0x00000000f4a80000,0x00000000f4a80000,0x00000000f6580000)
 ParOldGen       total 53760K, used 44942K [0x00000000a0000000, 0x00000000a3480000, 0x00000000e0000000)
  object space 53760K, 83% used [0x00000000a0000000,0x00000000a2be3918,0x00000000a3480000)
 Metaspace       used 85681K, capacity 89522K, committed 89624K, reserved 1126400K
  class space    used 11268K, capacity 12028K, committed 12064K, reserved 1048576K
}
Event: 575,559 GC heap before
{Heap before GC invocations=22 (full 4):
 PSYoungGen      total 359424K, used 20978K [0x00000000e0000000, 0x00000000f8400000, 0x0000000100000000)
  eden space 338432K, 0% used [0x00000000e0000000,0x00000000e0000000,0x00000000f4a80000)
  from space 20992K, 99% used [0x00000000f6580000,0x00000000f79fc828,0x00000000f7a00000)
  to   space 27648K, 0% used [0x00000000f4a80000,0x00000000f4a80000,0x00000000f6580000)
 ParOldGen       total 53760K, used 44942K [0x00000000a0000000, 0x00000000a3480000, 0x00000000e0000000)
  object space 53760K, 83% used [0x00000000a0000000,0x00000000a2be3918,0x00000000a3480000)
 Metaspace       used 85681K, capacity 89522K, committed 89624K, reserved 1126400K
  class space    used 11268K, capacity 12028K, committed 12064K, reserved 1048576K
Event: 612,513 GC heap after
Heap after GC invocations=22 (full 4):
 PSYoungGen      total 359424K, used 6948K [0x00000000e0000000, 0x00000000f8400000, 0x0000000100000000)
  eden space 338432K, 0% used [0x00000000e0000000,0x00000000e0000000,0x00000000f4a80000)
  from space 20992K, 33% used [0x00000000f6580000,0x00000000f6c490a0,0x00000000f7a00000)
  to   space 27648K, 0% used [0x00000000f4a80000,0x00000000f4a80000,0x00000000f6580000)
 ParOldGen       total 87552K, used 52584K [0x00000000a0000000, 0x00000000a5580000, 0x00000000e0000000)
  object space 87552K, 60% used [0x00000000a0000000,0x00000000a335a260,0x00000000a5580000)
 Metaspace       used 85314K, capacity 88488K, committed 89624K, reserved 1126400K
  class space    used 11146K, capacity 11817K, committed 12064K, reserved 1048576K
}
Event: 883,876 GC heap before
{Heap before GC invocations=23 (full 4):
 PSYoungGen      total 359424K, used 345380K [0x00000000e0000000, 0x00000000f8400000, 0x0000000100000000)
  eden space 338432K, 100% used [0x00000000e0000000,0x00000000f4a80000,0x00000000f4a80000)
  from space 20992K, 33% used [0x00000000f6580000,0x00000000f6c490a0,0x00000000f7a00000)
  to   space 27648K, 0% used [0x00000000f4a80000,0x00000000f4a80000,0x00000000f6580000)
 ParOldGen       total 87552K, used 52584K [0x00000000a0000000, 0x00000000a5580000, 0x00000000e0000000)
  object space 87552K, 60% used [0x00000000a0000000,0x00000000a335a260,0x00000000a5580000)
 Metaspace       used 87399K, capacity 90768K, committed 91800K, reserved 1128448K
  class space    used 11260K, capacity 11923K, committed 12192K, reserved 1048576K

