# JRE version: OpenJDK Runtime Environment (8.0_152) (build 1.8.0_152-release-1343-b16-5323222)
# Java VM: OpenJDK 64-Bit Server VM (25.152-b16-5323222 mixed mode linux-amd64 compressed oops)
Heap:
 PSYoungGen      total 293376K, used 40705K [0x00000000e0000000, 0x00000000f5300000, 0x0000000100000000)
  eden space 239616K, 0% used [0x00000000e0000000,0x00000000e0000000,0x00000000eea00000)
  from space 53760K, 75% used [0x00000000eea00000,0x00000000f11c06e8,0x00000000f1e80000)
  to   space 51200K, 0% used [0x00000000f2000000,0x00000000f2000000,0x00000000f5200000)
 ParOldGen       total 121344K, used 90403K [0x00000000a0000000, 0x00000000a7680000, 0x00000000e0000000)
  object space 121344K, 74% used [0x00000000a0000000,0x00000000a5848cf0,0x00000000a7680000)
 Metaspace       used 89954K, capacity 93692K, committed 93976K, reserved 1130496K
  class space    used 11600K, capacity 12287K, committed 12320K, reserved 1048576K
GC Heap History (10 events):
Event: 78,302 GC heap after
Heap after GC invocations=22 (full 4):
 PSYoungGen      total 211968K, used 31731K [0x00000000e0000000, 0x00000000f1b00000, 0x0000000100000000)
  eden space 180224K, 0% used [0x00000000e0000000,0x00000000e0000000,0x00000000eb000000)
  from space 31744K, 99% used [0x00000000eda00000,0x00000000ef8fcf50,0x00000000ef900000)
  to   space 43008K, 0% used [0x00000000eb000000,0x00000000eb000000,0x00000000eda00000)
 ParOldGen       total 121344K, used 78903K [0x00000000a0000000, 0x00000000a7680000, 0x00000000e0000000)
  object space 121344K, 65% used [0x00000000a0000000,0x00000000a4d0dfd8,0x00000000a7680000)
 Metaspace       used 67046K, capacity 69348K, committed 69528K, reserved 1110016K
  class space    used 9049K, capacity 9543K, committed 9632K, reserved 1048576K
}
Event: 155,250 GC heap before
{Heap before GC invocations=23 (full 4):
 PSYoungGen      total 211968K, used 211955K [0x00000000e0000000, 0x00000000f1b00000, 0x0000000100000000)
  eden space 180224K, 100% used [0x00000000e0000000,0x00000000eb000000,0x00000000eb000000)
  from space 31744K, 99% used [0x00000000eda00000,0x00000000ef8fcf50,0x00000000ef900000)
  to   space 43008K, 0% used [0x00000000eb000000,0x00000000eb000000,0x00000000eda00000)
 ParOldGen       total 121344K, used 78903K [0x00000000a0000000, 0x00000000a7680000, 0x00000000e0000000)
  object space 121344K, 65% used [0x00000000a0000000,0x00000000a4d0dfd8,0x00000000a7680000)
 Metaspace       used 72594K, capacity 75396K, committed 75672K, reserved 1114112K
  class space    used 9782K, capacity 10331K, committed 10400K, reserved 1048576K
Event: 155,470 GC heap after
Heap after GC invocations=23 (full 4):
 PSYoungGen      total 223232K, used 26114K [0x00000000e0000000, 0x00000000f2880000, 0x0000000100000000)
  eden space 180224K, 0% used [0x00000000e0000000,0x00000000e0000000,0x00000000eb000000)
  from space 43008K, 60% used [0x00000000eb000000,0x00000000ec980b90,0x00000000eda00000)
  to   space 44544K, 0% used [0x00000000efd00000,0x00000000efd00000,0x00000000f2880000)
 ParOldGen       total 121344K, used 90371K [0x00000000a0000000, 0x00000000a7680000, 0x00000000e0000000)
  object space 121344K, 74% used [0x00000000a0000000,0x00000000a5840cf0,0x00000000a7680000)
 Metaspace       used 72594K, capacity 75396K, committed 75672K, reserved 1114112K
  class space    used 9782K, capacity 10331K, committed 10400K, reserved 1048576K
}
Event: 420,509 GC heap before
{Heap before GC invocations=24 (full 4):
 PSYoungGen      total 223232K, used 206338K [0x00000000e0000000, 0x00000000f2880000, 0x0000000100000000)
  eden space 180224K, 100% used [0x00000000e0000000,0x00000000eb000000,0x00000000eb000000)
  from space 43008K, 60% used [0x00000000eb000000,0x00000000ec980b90,0x00000000eda00000)
  to   space 44544K, 0% used [0x00000000efd00000,0x00000000efd00000,0x00000000f2880000)
 ParOldGen       total 121344K, used 90371K [0x00000000a0000000, 0x00000000a7680000, 0x00000000e0000000)
  object space 121344K, 74% used [0x00000000a0000000,0x00000000a5840cf0,0x00000000a7680000)
 Metaspace       used 76348K, capacity 79310K, committed 79512K, reserved 1118208K
  class space    used 10087K, capacity 10630K, committed 10656K, reserved 1048576K
Event: 421,078 GC heap after
Heap after GC invocations=24 (full 4):
 PSYoungGen      total 253952K, used 30063K [0x00000000e0000000, 0x00000000f2880000, 0x0000000100000000)
  eden space 209408K, 0% used [0x00000000e0000000,0x00000000e0000000,0x00000000ecc80000)
  from space 44544K, 67% used [0x00000000efd00000,0x00000000f1a5bff0,0x00000000f2880000)
  to   space 47104K, 0% used [0x00000000ecc80000,0x00000000ecc80000,0x00000000efa80000)
 ParOldGen       total 121344K, used 90379K [0x00000000a0000000, 0x00000000a7680000, 0x00000000e0000000)
  object space 121344K, 74% used [0x00000000a0000000,0x00000000a5842cf0,0x00000000a7680000)
 Metaspace       used 76348K, capacity 79310K, committed 79512K, reserved 1118208K
  class space    used 10087K, capacity 10630K, committed 10656K, reserved 1048576K
}
Event: 778,059 GC heap before
{Heap before GC invocations=25 (full 4):
 PSYoungGen      total 253952K, used 239471K [0x00000000e0000000, 0x00000000f2880000, 0x0000000100000000)
  eden space 209408K, 100% used [0x00000000e0000000,0x00000000ecc80000,0x00000000ecc80000)
  from space 44544K, 67% used [0x00000000efd00000,0x00000000f1a5bff0,0x00000000f2880000)
  to   space 47104K, 0% used [0x00000000ecc80000,0x00000000ecc80000,0x00000000efa80000)
 ParOldGen       total 121344K, used 90379K [0x00000000a0000000, 0x00000000a7680000, 0x00000000e0000000)
  object space 121344K, 74% used [0x00000000a0000000,0x00000000a5842cf0,0x00000000a7680000)
 Metaspace       used 82811K, capacity 86578K, committed 86808K, reserved 1124352K
  class space    used 10825K, capacity 11530K, committed 11552K, reserved 1048576K
Event: 801,433 GC heap after
Heap after GC invocations=25 (full 4):
 PSYoungGen      total 256512K, used 36647K [0x00000000e0000000, 0x00000000f5200000, 0x0000000100000000)
  eden space 209408K, 0% used [0x00000000e0000000,0x00000000e0000000,0x00000000ecc80000)
  from space 47104K, 77% used [0x00000000ecc80000,0x00000000ef049c80,0x00000000efa80000)
  to   space 51200K, 0% used [0x00000000f2000000,0x00000000f2000000,0x00000000f5200000)
 ParOldGen       total 121344K, used 90387K [0x00000000a0000000, 0x00000000a7680000, 0x00000000e0000000)
  object space 121344K, 74% used [0x00000000a0000000,0x00000000a5844cf0,0x00000000a7680000)
 Metaspace       used 82811K, capacity 86578K, committed 86808K, reserved 1124352K
  class space    used 10825K, capacity 11530K, committed 11552K, reserved 1048576K
}
Event: 1874,097 GC heap before
{Heap before GC invocations=26 (full 4):
 PSYoungGen      total 256512K, used 246055K [0x00000000e0000000, 0x00000000f5200000, 0x0000000100000000)
  eden space 209408K, 100% used [0x00000000e0000000,0x00000000ecc80000,0x00000000ecc80000)
  from space 47104K, 77% used [0x00000000ecc80000,0x00000000ef049c80,0x00000000efa80000)
  to   space 51200K, 0% used [0x00000000f2000000,0x00000000f2000000,0x00000000f5200000)
 ParOldGen       total 121344K, used 90387K [0x00000000a0000000, 0x00000000a7680000, 0x00000000e0000000)
  object space 121344K, 74% used [0x00000000a0000000,0x00000000a5844cf0,0x00000000a7680000)
 Metaspace       used 85773K, capacity 89588K, committed 89880K, reserved 1128448K
  class space    used 11078K, capacity 11771K, committed 11808K, reserved 1048576K
Event: 1893,659 GC heap after
Heap after GC invocations=26 (full 4):
 PSYoungGen      total 290816K, used 35332K [0x00000000e0000000, 0x00000000f5300000, 0x0000000100000000)
  eden space 239616K, 0% used [0x00000000e0000000,0x00000000e0000000,0x00000000eea00000)
  from space 51200K, 69% used [0x00000000f2000000,0x00000000f4281358,0x00000000f5200000)
  to   space 53760K, 0% used [0x00000000eea00000,0x00000000eea00000,0x00000000f1e80000)
 ParOldGen       total 121344K, used 90395K [0x00000000a0000000, 0x00000000a7680000, 0x00000000e0000000)
  object space 121344K, 74% used [0x00000000a0000000,0x00000000a5846cf0,0x00000000a7680000)
 Metaspace       used 85773K, capacity 89588K, committed 89880K, reserved 1128448K
  class space    used 11078K, capacity 11771K, committed 11808K, reserved 1048576K
}
Event: 1925,529 GC heap before
{Heap before GC invocations=27 (full 4):
 PSYoungGen      total 290816K, used 274948K [0x00000000e0000000, 0x00000000f5300000, 0x0000000100000000)
  eden space 239616K, 100% used [0x00000000e0000000,0x00000000eea00000,0x00000000eea00000)
  from space 51200K, 69% used [0x00000000f2000000,0x00000000f4281358,0x00000000f5200000)
  to   space 53760K, 0% used [0x00000000eea00000,0x00000000eea00000,0x00000000f1e80000)
 ParOldGen       total 121344K, used 90395K [0x00000000a0000000, 0x00000000a7680000, 0x00000000e0000000)
  object space 121344K, 74% used [0x00000000a0000000,0x00000000a5846cf0,0x00000000a7680000)
 Metaspace       used 89954K, capacity 93692K, committed 93976K, reserved 1130496K
  class space    used 11600K, capacity 12287K, committed 12320K, reserved 1048576K

