# JRE version: OpenJDK Runtime Environment (8.0_152) (build 1.8.0_152-release-1343-b16-5323222)
# Java VM: OpenJDK 64-Bit Server VM (25.152-b16-5323222 mixed mode linux-amd64 compressed oops)
Heap:
 PSYoungGen      total 308224K, used 32751K [0x00000000e0000000, 0x00000000f4d00000, 0x0000000100000000)
  eden space 275456K, 0% used [0x00000000e0000000,0x00000000e0000000,0x00000000f0d00000)
  from space 32768K, 99% used [0x00000000f0d00000,0x00000000f2cfbc88,0x00000000f2d00000)
  to   space 30720K, 0% used [0x00000000f2f00000,0x00000000f2f00000,0x00000000f4d00000)
 ParOldGen       total 99328K, used 57066K [0x00000000a0000000, 0x00000000a6100000, 0x00000000e0000000)
  object space 99328K, 57% used [0x00000000a0000000,0x00000000a37bab88,0x00000000a6100000)
 Metaspace       used 100048K, capacity 104916K, committed 105112K, reserved 1140736K
  class space    used 12548K, capacity 13424K, committed 13488K, reserved 1048576K
GC Heap History (10 events):
Event: 1332,667 GC heap after
Heap after GC invocations=24 (full 4):
 PSYoungGen      total 267776K, used 21101K [0x00000000e0000000, 0x00000000f2b80000, 0x0000000100000000)
  eden space 237056K, 0% used [0x00000000e0000000,0x00000000e0000000,0x00000000ee780000)
  from space 30720K, 68% used [0x00000000f0d80000,0x00000000f221b798,0x00000000f2b80000)
  to   space 34816K, 0% used [0x00000000ee780000,0x00000000ee780000,0x00000000f0980000)
 ParOldGen       total 99328K, used 48460K [0x00000000a0000000, 0x00000000a6100000, 0x00000000e0000000)
  object space 99328K, 48% used [0x00000000a0000000,0x00000000a2f530e8,0x00000000a6100000)
 Metaspace       used 91450K, capacity 95468K, committed 95512K, reserved 1132544K
  class space    used 11802K, capacity 12572K, committed 12592K, reserved 1048576K
}
Event: 1717,975 GC heap before
{Heap before GC invocations=25 (full 4):
 PSYoungGen      total 267776K, used 258157K [0x00000000e0000000, 0x00000000f2b80000, 0x0000000100000000)
  eden space 237056K, 100% used [0x00000000e0000000,0x00000000ee780000,0x00000000ee780000)
  from space 30720K, 68% used [0x00000000f0d80000,0x00000000f221b798,0x00000000f2b80000)
  to   space 34816K, 0% used [0x00000000ee780000,0x00000000ee780000,0x00000000f0980000)
 ParOldGen       total 99328K, used 48460K [0x00000000a0000000, 0x00000000a6100000, 0x00000000e0000000)
  object space 99328K, 48% used [0x00000000a0000000,0x00000000a2f530e8,0x00000000a6100000)
 Metaspace       used 95248K, capacity 99780K, committed 99992K, reserved 1136640K
  class space    used 12161K, capacity 12969K, committed 12976K, reserved 1048576K
Event: 1719,138 GC heap after
Heap after GC invocations=25 (full 4):
 PSYoungGen      total 271872K, used 15441K [0x00000000e0000000, 0x00000000f3f00000, 0x0000000100000000)
  eden space 237056K, 0% used [0x00000000e0000000,0x00000000e0000000,0x00000000ee780000)
  from space 34816K, 44% used [0x00000000ee780000,0x00000000ef694540,0x00000000f0980000)
  to   space 32768K, 0% used [0x00000000f1f00000,0x00000000f1f00000,0x00000000f3f00000)
 ParOldGen       total 99328K, used 48468K [0x00000000a0000000, 0x00000000a6100000, 0x00000000e0000000)
  object space 99328K, 48% used [0x00000000a0000000,0x00000000a2f550e8,0x00000000a6100000)
 Metaspace       used 95248K, capacity 99780K, committed 99992K, reserved 1136640K
  class space    used 12161K, capacity 12969K, committed 12976K, reserved 1048576K
}
Event: 4235,032 GC heap before
{Heap before GC invocations=26 (full 4):
 PSYoungGen      total 271872K, used 252010K [0x00000000e0000000, 0x00000000f3f00000, 0x0000000100000000)
  eden space 237056K, 99% used [0x00000000e0000000,0x00000000ee706528,0x00000000ee780000)
  from space 34816K, 44% used [0x00000000ee780000,0x00000000ef694540,0x00000000f0980000)
  to   space 32768K, 0% used [0x00000000f1f00000,0x00000000f1f00000,0x00000000f3f00000)
 ParOldGen       total 99328K, used 48468K [0x00000000a0000000, 0x00000000a6100000, 0x00000000e0000000)
  object space 99328K, 48% used [0x00000000a0000000,0x00000000a2f550e8,0x00000000a6100000)
 Metaspace       used 96932K, capacity 101550K, committed 101784K, reserved 1138688K
  class space    used 12296K, capacity 13111K, committed 13232K, reserved 1048576K
Event: 4250,040 GC heap after
Heap after GC invocations=26 (full 4):
 PSYoungGen      total 291328K, used 23438K [0x00000000e0000000, 0x00000000f3f80000, 0x0000000100000000)
  eden space 258560K, 0% used [0x00000000e0000000,0x00000000e0000000,0x00000000efc80000)
  from space 32768K, 71% used [0x00000000f1f00000,0x00000000f35e3928,0x00000000f3f00000)
  to   space 34304K, 0% used [0x00000000efc80000,0x00000000efc80000,0x00000000f1e00000)
 ParOldGen       total 99328K, used 48476K [0x00000000a0000000, 0x00000000a6100000, 0x00000000e0000000)
  object space 99328K, 48% used [0x00000000a0000000,0x00000000a2f570e8,0x00000000a6100000)
 Metaspace       used 96932K, capacity 101550K, committed 101784K, reserved 1138688K
  class space    used 12296K, capacity 13111K, committed 13232K, reserved 1048576K
}
Event: 4332,637 GC heap before
{Heap before GC invocations=27 (full 4):
 PSYoungGen      total 291328K, used 281998K [0x00000000e0000000, 0x00000000f3f80000, 0x0000000100000000)
  eden space 258560K, 100% used [0x00000000e0000000,0x00000000efc80000,0x00000000efc80000)
  from space 32768K, 71% used [0x00000000f1f00000,0x00000000f35e3928,0x00000000f3f00000)
  to   space 34304K, 0% used [0x00000000efc80000,0x00000000efc80000,0x00000000f1e00000)
 ParOldGen       total 99328K, used 48476K [0x00000000a0000000, 0x00000000a6100000, 0x00000000e0000000)
  object space 99328K, 48% used [0x00000000a0000000,0x00000000a2f570e8,0x00000000a6100000)
 Metaspace       used 98659K, capacity 103324K, committed 103448K, reserved 1138688K
  class space    used 12468K, capacity 13310K, committed 13360K, reserved 1048576K
Event: 4332,711 GC heap after
Heap after GC invocations=27 (full 4):
 PSYoungGen      total 292864K, used 12031K [0x00000000e0000000, 0x00000000f4f80000, 0x0000000100000000)
  eden space 258560K, 0% used [0x00000000e0000000,0x00000000e0000000,0x00000000efc80000)
  from space 34304K, 35% used [0x00000000efc80000,0x00000000f083fd00,0x00000000f1e00000)
  to   space 33280K, 0% used [0x00000000f2f00000,0x00000000f2f00000,0x00000000f4f80000)
 ParOldGen       total 99328K, used 48484K [0x00000000a0000000, 0x00000000a6100000, 0x00000000e0000000)
  object space 99328K, 48% used [0x00000000a0000000,0x00000000a2f590e8,0x00000000a6100000)
 Metaspace       used 98659K, capacity 103324K, committed 103448K, reserved 1138688K
  class space    used 12468K, capacity 13310K, committed 13360K, reserved 1048576K
}
Event: 4356,546 GC heap before
{Heap before GC invocations=28 (full 4):
 PSYoungGen      total 292864K, used 270448K [0x00000000e0000000, 0x00000000f4f80000, 0x0000000100000000)
  eden space 258560K, 99% used [0x00000000e0000000,0x00000000efc5c530,0x00000000efc80000)
  from space 34304K, 35% used [0x00000000efc80000,0x00000000f083fd00,0x00000000f1e00000)
  to   space 33280K, 0% used [0x00000000f2f00000,0x00000000f2f00000,0x00000000f4f80000)
 ParOldGen       total 99328K, used 48484K [0x00000000a0000000, 0x00000000a6100000, 0x00000000e0000000)
  object space 99328K, 48% used [0x00000000a0000000,0x00000000a2f590e8,0x00000000a6100000)
 Metaspace       used 99946K, capacity 104764K, committed 104856K, reserved 1140736K
  class space    used 12547K, capacity 13424K, committed 13488K, reserved 1048576K
Event: 4356,672 GC heap after
Heap after GC invocations=28 (full 4):
 PSYoungGen      total 306176K, used 19303K [0x00000000e0000000, 0x00000000f4d00000, 0x0000000100000000)
  eden space 275456K, 0% used [0x00000000e0000000,0x00000000e0000000,0x00000000f0d00000)
  from space 30720K, 62% used [0x00000000f2f00000,0x00000000f41d9c98,0x00000000f4d00000)
  to   space 32768K, 0% used [0x00000000f0d00000,0x00000000f0d00000,0x00000000f2d00000)
 ParOldGen       total 99328K, used 48492K [0x00000000a0000000, 0x00000000a6100000, 0x00000000e0000000)
  object space 99328K, 48% used [0x00000000a0000000,0x00000000a2f5b0e8,0x00000000a6100000)
 Metaspace       used 99946K, capacity 104764K, committed 104856K, reserved 1140736K
  class space    used 12547K, capacity 13424K, committed 13488K, reserved 1048576K
}
Event: 4360,160 GC heap before
{Heap before GC invocations=29 (full 4):
 PSYoungGen      total 306176K, used 294759K [0x00000000e0000000, 0x00000000f4d00000, 0x0000000100000000)
  eden space 275456K, 100% used [0x00000000e0000000,0x00000000f0d00000,0x00000000f0d00000)
  from space 30720K, 62% used [0x00000000f2f00000,0x00000000f41d9c98,0x00000000f4d00000)
  to   space 32768K, 0% used [0x00000000f0d00000,0x00000000f0d00000,0x00000000f2d00000)
 ParOldGen       total 99328K, used 48492K [0x00000000a0000000, 0x00000000a6100000, 0x00000000e0000000)
  object space 99328K, 48% used [0x00000000a0000000,0x00000000a2f5b0e8,0x00000000a6100000)
 Metaspace       used 100048K, capacity 104916K, committed 105112K, reserved 1140736K
  class space    used 12548K, capacity 13424K, committed 13488K, reserved 1048576K

